<?xml version="1.0" encoding="UTF-8"?>
<testng-results ignored="0" total="2" passed="2" failed="0" skipped="0">
  <reporter-output>
  </reporter-output>
  <suite started-at="2023-05-01T23:41:34 GMT-04:00" name="HRM Test Suite" finished-at="2023-05-01T23:41:43 GMT-04:00" duration-ms="9542">
    <groups>
    </groups>
    <test started-at="2023-05-01T23:41:34 GMT-04:00" name="Pending Leave Request Test Case " finished-at="2023-05-01T23:41:38 GMT-04:00" duration-ms="3769">
      <class name="testCases.Test_Pending_Leave_Request">
        <test-method signature="verifyPendingLeaveRequests()[pri:0, instance:testCases.Test_Pending_Leave_Request@783a467b]" started-at="2023-05-01T23:41:34 GMT-04:00" name="verifyPendingLeaveRequests" finished-at="2023-05-01T23:41:38 GMT-04:00" duration-ms="3722" status="PASS">
          <reporter-output>
          </reporter-output>
        </test-method> <!-- verifyPendingLeaveRequests -->
      </class> <!-- testCases.Test_Pending_Leave_Request -->
    </test> <!-- Pending Leave Request Test Case  -->
    <test started-at="2023-05-01T23:41:38 GMT-04:00" name="Check User Role Test Case " finished-at="2023-05-01T23:41:43 GMT-04:00" duration-ms="5716">
      <class name="testCases.Test_User_Role">
        <test-method is-config="true" signature="launchBrowser()[pri:0, instance:testCases.Test_User_Role@750e2b97]" started-at="2023-05-01T23:41:27 GMT-04:00" name="launchBrowser" finished-at="2023-05-01T23:41:34 GMT-04:00" duration-ms="6739" status="PASS">
          <reporter-output>
          </reporter-output>
        </test-method> <!-- launchBrowser -->
        <test-method signature="checkUserRole()[pri:0, instance:testCases.Test_User_Role@750e2b97]" started-at="2023-05-01T23:41:38 GMT-04:00" name="checkUserRole" finished-at="2023-05-01T23:41:43 GMT-04:00" duration-ms="5711" status="PASS">
          <reporter-output>
          </reporter-output>
        </test-method> <!-- checkUserRole -->
        <test-method is-config="true" signature="tearDown()[pri:0, instance:testCases.Test_User_Role@750e2b97]" started-at="2023-05-01T23:41:43 GMT-04:00" name="tearDown" finished-at="2023-05-01T23:41:44 GMT-04:00" duration-ms="439" status="PASS">
          <reporter-output>
          </reporter-output>
        </test-method> <!-- tearDown -->
      </class> <!-- testCases.Test_User_Role -->
    </test> <!-- Check User Role Test Case  -->
  </suite> <!-- HRM Test Suite -->
</testng-results>
